<?xml version="1.0" encoding="UTF-8"?>
<!-- Generated by org.testng.reporters.JUnitXMLReporter -->
<testsuite ignored="0" hostname="DESKTOP-BV3JCNJ" failures="0" tests="6" name="sep24_Properties_file" time="153.995" errors="0" timestamp="2021-09-24T16:00:12 IST">
  <testcase classname="sep24_properties_file.Testcases" name="testcase001" time="8.227"/>
  <testcase classname="sep24_properties_file.Testcases" name="testcase002" time="2.356"/>
  <testcase classname="sep24_properties_file.Testcases" name="testcase003" time="4.397"/>
  <testcase classname="sep24_properties_file.TestcaseEx2" name="testcase001" time="6.087"/>
  <testcase classname="sep24_properties_file.TestcaseEx2" name="testcase002" time="2.012"/>
  <testcase classname="sep24_properties_file.TestcaseEx2" name="testcase003" time="7.727"/>
</testsuite> <!-- sep24_Properties_file -->
